<?xml version="1.0" encoding="UTF-8"?>
<testsuite name="ru.stqa.pft.addressbook.tests.ContactCreationTests" tests="3" skipped="0" failures="0" errors="0"
           timestamp="2018-04-22T11:36:04" hostname="MacBook-Pro-akorablev.local" time="33.176">
    <properties/>
    <testcase name="testContactCreation[0](ContactData{id=2147483647, firstname='Firstname 0', lastname='Lastname 0'})"
              classname="ru.stqa.pft.addressbook.tests.ContactCreationTests" time="10.912"/>
    <testcase name="testContactCreation[1](ContactData{id=2147483647, firstname='Firstname 1', lastname='Lastname 1'})"
              classname="ru.stqa.pft.addressbook.tests.ContactCreationTests" time="10.855"/>
    <testcase name="testContactCreation[2](ContactData{id=2147483647, firstname='Firstname 2', lastname='Lastname 2'})"
              classname="ru.stqa.pft.addressbook.tests.ContactCreationTests" time="11.407"/>
    <system-out><![CDATA[]]></system-out>
    <system-err><![CDATA[]]></system-err>
</testsuite>
