<?xml version="1.0" encoding="UTF-8"?>
<testsuite name="ru.stqa.pft.addressbook.tests.GroupModificationTests" tests="1" skipped="0" failures="0" errors="0"
           timestamp="2018-04-22T10:53:55" hostname="MacBook-Pro-akorablev.local" time="0.96">
    <properties/>
    <testcase name="testGroupModification" classname="ru.stqa.pft.addressbook.tests.GroupModificationTests"
              time="0.96"/>
    <system-out><![CDATA[]]></system-out>
    <system-err><![CDATA[]]></system-err>
</testsuite>
